#! /usr/local/iverilog/bin/vvp
:ivl_version "11.0 (devel)" "(s20150603-642-g3bdb50da)";
:ivl_delay_selection "TYPICAL";
:vpi_time_precision + 0;
:vpi_module "system";
:vpi_module "vhdl_sys";
:vpi_module "vhdl_textio";
:vpi_module "v2005_math";
:vpi_module "va_math";
S_00000000009bde10 .scope module, "test" "test" 2 1;
 .timescale 0 0;
v00000000009b8200_0 .var/i "i", 31 0;
v00000000009b82a0 .array "memory", 255 0, 7 0;
    .scope S_00000000009bde10;
T_0 ;
    %pushi/vec4 0, 0, 32;
    %store/vec4 v00000000009b8200_0, 0, 32;
T_0.0 ;
    %load/vec4 v00000000009b8200_0;
    %cmpi/s 255, 0, 32;
    %jmp/0xz T_0.1, 5;
    %load/vec4 v00000000009b8200_0;
    %pad/s 8;
    %ix/getv/s 4, v00000000009b8200_0;
    %store/vec4a v00000000009b82a0, 4, 0;
    ; show_stmt_assign_vector: Get l-value for compressed += operand
    %load/vec4 v00000000009b8200_0;
    %pushi/vec4 1, 0, 32;
    %add;
    %store/vec4 v00000000009b8200_0, 0, 32;
    %jmp T_0.0;
T_0.1 ;
    %vpi_call 2 10 "$writememb", "memory_binary.txt", v00000000009b82a0 {0 0 0};
    %vpi_call 2 11 "$writememh", "memory_hex.txt", v00000000009b82a0 {0 0 0};
    %end;
    .thread T_0;
# The file index is used to find the file name in the following table.
:file_names 3;
    "N/A";
    "<interactive>";
    "test.v";
